0 info it worked if it ends with ok
1 verbose cli [ '/home/sebastian/Desktop/Tp-Paw/apuntes-webapp/node/node',
1 verbose cli   '/home/sebastian/Desktop/Tp-Paw/apuntes-webapp/node/node_modules/npm/bin/npm-cli.js',
1 verbose cli   'install' ]
2 info using npm@2.15.9
3 info using node@v4.6.0
4 verbose config Skipping project config: /home/sebastian/.npmrc. (matches userconfig)
5 verbose readDependencies loading dependencies from /home/sebastian/package.json
6 error install Couldn't read dependencies
7 verbose stack Error: ENOENT: no such file or directory, open '/home/sebastian/package.json'
7 verbose stack     at Error (native)
8 verbose cwd /home/sebastian/Desktop/Tp-Paw/apuntes-webapp
9 error Linux 4.4.0-38-generic
10 error argv "/home/sebastian/Desktop/Tp-Paw/apuntes-webapp/node/node" "/home/sebastian/Desktop/Tp-Paw/apuntes-webapp/node/node_modules/npm/bin/npm-cli.js" "install"
11 error node v4.6.0
12 error npm  v2.15.9
13 error path /home/sebastian/package.json
14 error code ENOPACKAGEJSON
15 error errno -2
16 error syscall open
17 error package.json ENOENT: no such file or directory, open '/home/sebastian/package.json'
17 error package.json This is most likely not a problem with npm itself.
17 error package.json npm can't find a package.json file in your current directory.
18 verbose exit [ -2, true ]
