#
# A fatal error has been detected by the Java Runtime Environment:
#
#  SIGSEGV (0xb) at pc=0x00007f57e0000078, pid=19143, tid=0x00007f57f2e49700
#
# JRE version: Java(TM) SE Runtime Environment (8.0_101-b13) (build 1.8.0_101-b13)
# Java VM: Java HotSpot(TM) 64-Bit Server VM (25.101-b13 mixed mode linux-amd64 compressed oops)
# Problematic frame:
# C  0x00007f57e0000078
#
# Failed to write core dump. Core dumps have been disabled. To enable core dumping, try "ulimit -c unlimited" before starting Java again
#
# If you would like to submit a bug report, please visit:
#   http://bugreport.java.com/bugreport/crash.jsp
#

---------------  T H R E A D  ---------------

Current thread (0x00007f58180c6000):  JavaThread "JDWP Transport Listener: dt_socket" daemon [_thread_in_vm, id=19159, stack(0x00007f57f2d49000,0x00007f57f2e4a000)]

siginfo: si_signo: 11 (SIGSEGV), si_code: 2 (SEGV_ACCERR), si_addr: 0x00007f57e0000078

Registers:
RAX=0x00007f57e0000078, RBX=0x00007f57e0000088, RCX=0x00007f58209f32c0, RDX=0x00007f581ffcbe80
RSP=0x00007f57f2e486c8, RBP=0x00007f57f2e486e0, RSI=0x00007f58180c6000, RDI=0x00007f57e0000088
R8 =0x00007f58180bed40, R9 =0x0000000000000000, R10=0x0000000000000001, R11=0x00007f57e0004118
R12=0x0000000000000017, R13=0x00007f57e0000098, R14=0x00007f58180c6000, R15=0x00007f57f2e487e7
RIP=0x00007f57e0000078, EFLAGS=0x0000000000010202, CSGSFS=0x0000000000000033, ERR=0x0000000000000015
  TRAPNO=0x000000000000000e

Top of Stack: (sp=0x00007f57f2e486c8)
0x00007f57f2e486c8:   00007f581f8b6d97 0000000000000074
0x00007f57f2e486d8:   00007f5818004cb0 00007f57f2e48750
0x00007f57f2e486e8:   00007f581f743efe 00007f5818004cb0
0x00007f57f2e486f8:   00007f57f2e48700 00007f58180c6000
0x00007f57f2e48708:   0000000000000000 00007f5700000000
0x00007f57f2e48718:   0000000000000000 00007f57f2e48730
0x00007f57f2e48728:   00007f581e6bde40 00007f57e0000098
0x00007f57f2e48738:   00007f57f2e487e7 0000000000000000
0x00007f57f2e48748:   00007f57f2e487e7 00007f57f2e48780
0x00007f57f2e48758:   00007f581e4a98c2 00007f57f2e48780
0x00007f57f2e48768:   00007f57e0000098 00007f57f2e48850
0x00007f57f2e48778:   0000000000000000 00007f57f2e48810
0x00007f57f2e48788:   00007f581e48aaa0 00007f57f2e487c8
0x00007f57f2e48798:   00007f57f2e487c0 00007f57f2e487b8
0x00007f57f2e487a8:   00007f57f2e487dc 00000001e0011280
0x00007f57f2e487b8:   0000000000000000 0000000000000000
0x00007f57f2e487c8:   0000000000000000 00007f57e0006980
0x00007f57f2e487d8:   00007f57f2e48850 0000000000000005
0x00007f57f2e487e8:   0000000000000002 000000000000000f
0x00007f57f2e487f8:   0000000000000002 00000000000f0200
0x00007f57f2e48808:   000000000000000f 00007f57f2e48a60
0x00007f57f2e48818:   00007f581e4959c6 000023f300000013
0x00007f57f2e48828:   00007f581f0f0200 00007f57d8000ba0
0x00007f57f2e48838:   0000000000000000 00007f57f2e48850
0x00007f57f2e48848:   00007f57f2e489e0 00007f57f2e488a4
0x00007f57f2e48858:   00007f5800000128 00007f57f2e48868
0x00007f57f2e48868:   0000000000000004 00007f57f2e488a0
0x00007f57f2e48878:   0000000000000000 00007f0000000000
0x00007f57f2e48888:   000023f30000001c 00007f5700008980
0x00007f57f2e48898:   00007f57f2e488a0 0000000105000000
0x00007f57f2e488a8:   0000001c00000000 0000000029000007
0x00007f57f2e488b8:   b903000000000000 0400000000000000 

Instructions: (pc=0x00007f57e0000078)
0x00007f57e0000058:   00 00 00 00 00 00 00 00 00 00 00 00 00 00 00 00
0x00007f57e0000068:   00 00 00 00 00 00 00 00 00 00 00 00 00 00 00 00
0x00007f57e0000078:   70 2e 01 e0 57 7f 00 00 f0 dc 00 e0 57 7f 00 00
0x00007f57e0000088:   78 00 00 e0 57 7f 00 00 78 00 00 e0 57 7f 00 00 

Register to memory mapping:

RAX=0x00007f57e0000078 is an unknown value
RBX=0x00007f57e0000088 is an unknown value
RCX=0x00007f58209f32c0: <offset 0x2182c0> in /lib/x86_64-linux-gnu/libpthread.so.0 at 0x00007f58207db000
RDX=0x00007f581ffcbe80: <offset 0xfc1e80> in /usr/lib/jvm/java-8-oracle/jre/lib/amd64/server/libjvm.so at 0x00007f581f00a000
RSP=0x00007f57f2e486c8 is pointing into the stack for thread: 0x00007f58180c6000
RBP=0x00007f57f2e486e0 is pointing into the stack for thread: 0x00007f58180c6000
RSI=0x00007f58180c6000 is a thread
RDI=0x00007f57e0000088 is an unknown value
R8 =0x00007f58180bed40 is an unknown value
R9 =0x0000000000000000 is an unknown value
R10=0x0000000000000001 is an unknown value
R11=0x00007f57e0004118 is an unknown value
R12=0x0000000000000017 is an unknown value
R13=0x00007f57e0000098 is an unknown value
R14=0x00007f58180c6000 is a thread
R15=0x00007f57f2e487e7 is pointing into the stack for thread: 0x00007f58180c6000


Stack: [0x00007f57f2d49000,0x00007f57f2e4a000],  sp=0x00007f57f2e486c8,  free space=1021k
Native frames: (J=compiled Java code, j=interpreted, Vv=VM code, C=native code)
C  0x00007f57e0000078
V  [libjvm.so+0x739efe]  jvmti_IsMethodSynthetic+0x2be
C  [libjdwp.so+0x258c2]  isMethodSynthetic+0x42
C  [libjdwp.so+0x6aa0]  methods1+0x1b0
C  [libjdwp.so+0x119c6]  debugLoop_run+0x2b6
C  [libjdwp.so+0x247ff]  attachThread+0x2f
V  [libjvm.so+0x7a63e2]  JvmtiAgentThread::call_start_function()+0xc2
V  [libjvm.so+0xa7343f]  JavaThread::thread_main_inner()+0xdf
V  [libjvm.so+0xa7356c]  JavaThread::run()+0x11c
V  [libjvm.so+0x924698]  java_start(Thread*)+0x108
C  [libpthread.so.0+0x76fa]  start_thread+0xca


---------------  P R O C E S S  ---------------

Java Threads: ( => current thread )
  0x00007f57b001a000 JavaThread "695543330@qtp-361993357-6" [_thread_blocked, id=19189, stack(0x00007f57d3eff000,0x00007f57d4000000)]
  0x00007f57b000e000 JavaThread "1881157852@qtp-361993357-5" [_thread_blocked, id=19188, stack(0x00007f57f0075000,0x00007f57f0176000)]
  0x00007f57b0011800 JavaThread "1955807236@qtp-361993357-3" [_thread_blocked, id=19186, stack(0x00007f57f0277000,0x00007f57f0378000)]
  0x00007f57b0015800 JavaThread "649061486@qtp-361993357-2" [_thread_blocked, id=19185, stack(0x00007f57f0bad000,0x00007f57f0cae000)]
  0x00007f5818686000 JavaThread "Timer-0" daemon [_thread_blocked, id=19176, stack(0x00007f57f1ad7000,0x00007f57f1bd8000)]
  0x00007f5818250800 JavaThread "1551870003@qtp-361993357-1 - Acceptor0 SelectChannelConnector@0.0.0.0:8080" [_thread_in_native, id=19175, stack(0x00007f57f1d26000,0x00007f57f1e27000)]
  0x00007f581824b800 JavaThread "Thread-2" [_thread_in_native, id=19173, stack(0x00007f57f1f28000,0x00007f57f2029000)]
  0x00007f5818242000 JavaThread "Thread-1" [_thread_blocked, id=19172, stack(0x00007f57f2029000,0x00007f57f212a000)]
  0x00007f58180d4000 JavaThread "Service Thread" daemon [_thread_blocked, id=19168, stack(0x00007f57f2743000,0x00007f57f2844000)]
  0x00007f58180d0800 JavaThread "C1 CompilerThread2" daemon [_thread_blocked, id=19167, stack(0x00007f57f2844000,0x00007f57f2945000)]
  0x00007f58180cf000 JavaThread "C2 CompilerThread1" daemon [_thread_blocked, id=19166, stack(0x00007f57f2945000,0x00007f57f2a46000)]
  0x00007f58180cc000 JavaThread "C2 CompilerThread0" daemon [_thread_blocked, id=19165, stack(0x00007f57f2a46000,0x00007f57f2b47000)]
  0x00007f57e0001000 JavaThread "JDWP Command Reader" daemon [_thread_in_native, id=19163, stack(0x00007f57f2b47000,0x00007f57f2c48000)]
  0x00007f58180c9800 JavaThread "JDWP Event Helper Thread" daemon [_thread_blocked, id=19161, stack(0x00007f57f2c48000,0x00007f57f2d49000)]
=>0x00007f58180c6000 JavaThread "JDWP Transport Listener: dt_socket" daemon [_thread_in_vm, id=19159, stack(0x00007f57f2d49000,0x00007f57f2e4a000)]
  0x00007f58180b9800 JavaThread "Signal Dispatcher" daemon [_thread_blocked, id=19157, stack(0x00007f57f304e000,0x00007f57f314f000)]
  0x00007f5818087800 JavaThread "Finalizer" daemon [_thread_blocked, id=19156, stack(0x00007f57f314f000,0x00007f57f3250000)]
  0x00007f5818083000 JavaThread "Reference Handler" daemon [_thread_blocked, id=19155, stack(0x00007f57f3250000,0x00007f57f3351000)]
  0x00007f581800d800 JavaThread "main" [_thread_blocked, id=19149, stack(0x00007f5820af7000,0x00007f5820bf8000)]

Other Threads:
  0x00007f581807b800 VMThread [stack: 0x00007f57f3351000,0x00007f57f3452000] [id=19154]
  0x00007f58180d7800 WatcherThread [stack: 0x00007f57f2642000,0x00007f57f2743000] [id=19169]

VM state:not at safepoint (normal execution)

VM Mutex/Monitor currently owned by a thread: None

Heap:
 PSYoungGen      total 132096K, used 33354K [0x00000000d6f00000, 0x00000000e4a00000, 0x0000000100000000)
  eden space 126976K, 22% used [0x00000000d6f00000,0x00000000d8a98998,0x00000000deb00000)
  from space 5120K, 99% used [0x00000000deb00000,0x00000000deffa0b8,0x00000000df000000)
  to   space 14848K, 0% used [0x00000000e3b80000,0x00000000e3b80000,0x00000000e4a00000)
 ParOldGen       total 63488K, used 18399K [0x0000000084c00000, 0x0000000088a00000, 0x00000000d6f00000)
  object space 63488K, 28% used [0x0000000084c00000,0x0000000085df7da0,0x0000000088a00000)
 Metaspace       used 31711K, capacity 32066K, committed 32560K, reserved 1077248K
  class space    used 3787K, capacity 3876K, committed 3888K, reserved 1048576K

Card table byte_map: [0x00007f581c6cc000,0x00007f581caa7000] byte_map_base: 0x00007f581c2a6000

Marking Bits: (ParMarkBitMap*) 0x00007f581ffcb120
 Begin Bits: [0x00007f57f4260000, 0x00007f57f6130000)
 End Bits:   [0x00007f57f6130000, 0x00007f57f8000000)

Polling page: 0x00007f5820c1a000

CodeCache: size=245760Kb used=10565Kb max_used=10899Kb free=235194Kb
 bounds [0x00007f5809000000, 0x00007f5809af0000, 0x00007f5818000000]
 total_blobs=3228 nmethods=2833 adapters=316
 compilation: enabled

Compilation events (10 events):
Event: 29.830 Thread 0x00007f58180d0800 3262       3       java.util.concurrent.atomic.AtomicBoolean::get (13 bytes)
Event: 29.830 Thread 0x00007f58180d0800 nmethod 3262 0x00007f58091b7d90 code [0x00007f58091b7f00, 0x00007f58091b80b0]
Event: 35.404 Thread 0x00007f58180d0800 3263       1       java.net.InetAddress::holder (5 bytes)
Event: 35.404 Thread 0x00007f58180d0800 nmethod 3263 0x00007f58091d7590 code [0x00007f58091d76e0, 0x00007f58091d77f0]
Event: 48.340 Thread 0x00007f58180d0800 3264       3       java.nio.channels.spi.AbstractInterruptibleChannel::blockedOn (13 bytes)
Event: 48.342 Thread 0x00007f58180d0800 nmethod 3264 0x00007f5809233010 code [0x00007f58092331a0, 0x00007f58092336b0]
Event: 48.343 Thread 0x00007f58180d0800 3265       3       java.lang.System$2::blockedOn (6 bytes)
Event: 48.345 Thread 0x00007f58180d0800 nmethod 3265 0x00007f58091ce550 code [0x00007f58091ce6c0, 0x00007f58091cead0]
Event: 61.861 Thread 0x00007f58180d0800 3266       3       java.nio.channels.spi.AbstractSelector::isOpen (8 bytes)
Event: 61.863 Thread 0x00007f58180d0800 nmethod 3266 0x00007f5809190b50 code [0x00007f5809190cc0, 0x00007f5809190f50]

GC Heap History (10 events):
Event: 1.725 GC heap before
{Heap before GC invocations=2 (full 0):
 PSYoungGen      total 36864K, used 35943K [0x00000000d6f00000, 0x00000000db700000, 0x0000000100000000)
  eden space 31744K, 100% used [0x00000000d6f00000,0x00000000d8e00000,0x00000000d8e00000)
  from space 5120K, 82% used [0x00000000d8e00000,0x00000000d9219eb8,0x00000000d9300000)
  to   space 5120K, 0% used [0x00000000db200000,0x00000000db200000,0x00000000db700000)
 ParOldGen       total 84992K, used 8K [0x0000000084c00000, 0x0000000089f00000, 0x00000000d6f00000)
  object space 84992K, 0% used [0x0000000084c00000,0x0000000084c02000,0x0000000089f00000)
 Metaspace       used 12027K, capacity 12220K, committed 12544K, reserved 1060864K
  class space    used 1459K, capacity 1500K, committed 1536K, reserved 1048576K
Event: 1.748 GC heap after
Heap after GC invocations=2 (full 0):
 PSYoungGen      total 68608K, used 5098K [0x00000000d6f00000, 0x00000000db700000, 0x0000000100000000)
  eden space 63488K, 0% used [0x00000000d6f00000,0x00000000d6f00000,0x00000000dad00000)
  from space 5120K, 99% used [0x00000000db200000,0x00000000db6faa38,0x00000000db700000)
  to   space 5120K, 0% used [0x00000000dad00000,0x00000000dad00000,0x00000000db200000)
 ParOldGen       total 84992K, used 787K [0x0000000084c00000, 0x0000000089f00000, 0x00000000d6f00000)
  object space 84992K, 0% used [0x0000000084c00000,0x0000000084cc4e98,0x0000000089f00000)
 Metaspace       used 12027K, capacity 12220K, committed 12544K, reserved 1060864K
  class space    used 1459K, capacity 1500K, committed 1536K, reserved 1048576K
}
Event: 3.061 GC heap before
{Heap before GC invocations=3 (full 0):
 PSYoungGen      total 68608K, used 68586K [0x00000000d6f00000, 0x00000000db700000, 0x0000000100000000)
  eden space 63488K, 100% used [0x00000000d6f00000,0x00000000dad00000,0x00000000dad00000)
  from space 5120K, 99% used [0x00000000db200000,0x00000000db6faa38,0x00000000db700000)
  to   space 5120K, 0% used [0x00000000dad00000,0x00000000dad00000,0x00000000db200000)
 ParOldGen       total 84992K, used 787K [0x0000000084c00000, 0x0000000089f00000, 0x00000000d6f00000)
  object space 84992K, 0% used [0x0000000084c00000,0x0000000084cc4e98,0x0000000089f00000)
 Metaspace       used 17488K, capacity 17780K, committed 18048K, reserved 1064960K
  class space    used 2108K, capacity 2170K, committed 2176K, reserved 1048576K
Event: 3.081 GC heap after
Heap after GC invocations=3 (full 0):
 PSYoungGen      total 68608K, used 5088K [0x00000000d6f00000, 0x00000000df500000, 0x0000000100000000)
  eden space 63488K, 0% used [0x00000000d6f00000,0x00000000d6f00000,0x00000000dad00000)
  from space 5120K, 99% used [0x00000000dad00000,0x00000000db1f8020,0x00000000db200000)
  to   space 5120K, 0% used [0x00000000df000000,0x00000000df000000,0x00000000df500000)
 ParOldGen       total 84992K, used 4637K [0x0000000084c00000, 0x0000000089f00000, 0x00000000d6f00000)
  object space 84992K, 5% used [0x0000000084c00000,0x00000000850874e0,0x0000000089f00000)
 Metaspace       used 17488K, capacity 17780K, committed 18048K, reserved 1064960K
  class space    used 2108K, capacity 2170K, committed 2176K, reserved 1048576K
}
Event: 3.613 GC heap before
{Heap before GC invocations=4 (full 0):
 PSYoungGen      total 68608K, used 38991K [0x00000000d6f00000, 0x00000000df500000, 0x0000000100000000)
  eden space 63488K, 53% used [0x00000000d6f00000,0x00000000d901bcd0,0x00000000dad00000)
  from space 5120K, 99% used [0x00000000dad00000,0x00000000db1f8020,0x00000000db200000)
  to   space 5120K, 0% used [0x00000000df000000,0x00000000df000000,0x00000000df500000)
 ParOldGen       total 84992K, used 4637K [0x0000000084c00000, 0x0000000089f00000, 0x00000000d6f00000)
  object space 84992K, 5% used [0x0000000084c00000,0x00000000850874e0,0x0000000089f00000)
 Metaspace       used 20714K, capacity 20948K, committed 21296K, reserved 1069056K
  class space    used 2526K, capacity 2586K, committed 2608K, reserved 1048576K
Event: 3.646 GC heap after
Heap after GC invocations=4 (full 0):
 PSYoungGen      total 132096K, used 5104K [0x00000000d6f00000, 0x00000000df500000, 0x0000000100000000)
  eden space 126976K, 0% used [0x00000000d6f00000,0x00000000d6f00000,0x00000000deb00000)
  from space 5120K, 99% used [0x00000000df000000,0x00000000df4fc030,0x00000000df500000)
  to   space 5120K, 0% used [0x00000000deb00000,0x00000000deb00000,0x00000000df000000)
 ParOldGen       total 84992K, used 9893K [0x0000000084c00000, 0x0000000089f00000, 0x00000000d6f00000)
  object space 84992K, 11% used [0x0000000084c00000,0x00000000855a9720,0x0000000089f00000)
 Metaspace       used 20714K, capacity 20948K, committed 21296K, reserved 1069056K
  class space    used 2526K, capacity 2586K, committed 2608K, reserved 1048576K
}
Event: 3.646 GC heap before
{Heap before GC invocations=5 (full 1):
 PSYoungGen      total 132096K, used 5104K [0x00000000d6f00000, 0x00000000df500000, 0x0000000100000000)
  eden space 126976K, 0% used [0x00000000d6f00000,0x00000000d6f00000,0x00000000deb00000)
  from space 5120K, 99% used [0x00000000df000000,0x00000000df4fc030,0x00000000df500000)
  to   space 5120K, 0% used [0x00000000deb00000,0x00000000deb00000,0x00000000df000000)
 ParOldGen       total 84992K, used 9893K [0x0000000084c00000, 0x0000000089f00000, 0x00000000d6f00000)
  object space 84992K, 11% used [0x0000000084c00000,0x00000000855a9720,0x0000000089f00000)
 Metaspace       used 20714K, capacity 20948K, committed 21296K, reserved 1069056K
  class space    used 2526K, capacity 2586K, committed 2608K, reserved 1048576K
Event: 3.728 GC heap after
Heap after GC invocations=5 (full 1):
 PSYoungGen      total 132096K, used 0K [0x00000000d6f00000, 0x00000000df500000, 0x0000000100000000)
  eden space 126976K, 0% used [0x00000000d6f00000,0x00000000d6f00000,0x00000000deb00000)
  from space 5120K, 0% used [0x00000000df000000,0x00000000df000000,0x00000000df500000)
  to   space 5120K, 0% used [0x00000000deb00000,0x00000000deb00000,0x00000000df000000)
 ParOldGen       total 63488K, used 11456K [0x0000000084c00000, 0x0000000088a00000, 0x00000000d6f00000)
  object space 63488K, 18% used [0x0000000084c00000,0x00000000857302c0,0x0000000088a00000)
 Metaspace       used 20714K, capacity 20948K, committed 21296K, reserved 1069056K
  class space    used 2526K, capacity 2586K, committed 2608K, reserved 1048576K
}
Event: 11.012 GC heap before
{Heap before GC invocations=6 (full 1):
 PSYoungGen      total 132096K, used 126976K [0x00000000d6f00000, 0x00000000df500000, 0x0000000100000000)
  eden space 126976K, 100% used [0x00000000d6f00000,0x00000000deb00000,0x00000000deb00000)
  from space 5120K, 0% used [0x00000000df000000,0x00000000df000000,0x00000000df500000)
  to   space 5120K, 0% used [0x00000000deb00000,0x00000000deb00000,0x00000000df000000)
 ParOldGen       total 63488K, used 11456K [0x0000000084c00000, 0x0000000088a00000, 0x00000000d6f00000)
  object space 63488K, 18% used [0x0000000084c00000,0x00000000857302c0,0x0000000088a00000)
 Metaspace       used 30389K, capacity 30684K, committed 31280K, reserved 1077248K
  class space    used 3675K, capacity 3778K, committed 3888K, reserved 1048576K
Event: 11.051 GC heap after
Heap after GC invocations=6 (full 1):
 PSYoungGen      total 132096K, used 5096K [0x00000000d6f00000, 0x00000000e4a00000, 0x0000000100000000)
  eden space 126976K, 0% used [0x00000000d6f00000,0x00000000d6f00000,0x00000000deb00000)
  from space 5120K, 99% used [0x00000000deb00000,0x00000000deffa0b8,0x00000000df000000)
  to   space 14848K, 0% used [0x00000000e3b80000,0x00000000e3b80000,0x00000000e4a00000)
 ParOldGen       total 63488K, used 18399K [0x0000000084c00000, 0x0000000088a00000, 0x00000000d6f00000)
  object space 63488K, 28% used [0x0000000084c00000,0x0000000085df7da0,0x0000000088a00000)
 Metaspace       used 30389K, capacity 30684K, committed 31280K, reserved 1077248K
  class space    used 3675K, capacity 3778K, committed 3888K, reserved 1048576K
}

Deoptimization events (10 events):
Event: 20.830 Thread 0x00007f57b001a000 Uncommon trap: reason=unhandled action=none pc=0x00007f5809765f90 method=java.net.URLClassLoader.findClass(Ljava/lang/String;)Ljava/lang/Class; @ 44
Event: 20.830 Thread 0x00007f57b001a000 Uncommon trap: reason=unhandled action=none pc=0x00007f5809765f90 method=java.net.URLClassLoader.findClass(Ljava/lang/String;)Ljava/lang/Class; @ 44
Event: 20.831 Thread 0x00007f57b001a000 Uncommon trap: reason=bimorphic action=maybe_recompile pc=0x00007f58093eee10 method=java.lang.StringCoding$StringEncoder.encode([CII)[B @ 48
Event: 20.831 Thread 0x00007f57b001a000 Uncommon trap: reason=bimorphic action=maybe_recompile pc=0x00007f58093eee10 method=java.lang.StringCoding$StringEncoder.encode([CII)[B @ 48
Event: 20.835 Thread 0x00007f57b001a000 Uncommon trap: reason=unhandled action=none pc=0x00007f5809765f90 method=java.net.URLClassLoader.findClass(Ljava/lang/String;)Ljava/lang/Class; @ 44
Event: 20.835 Thread 0x00007f57b001a000 Uncommon trap: reason=unhandled action=none pc=0x00007f5809765f90 method=java.net.URLClassLoader.findClass(Ljava/lang/String;)Ljava/lang/Class; @ 44
Event: 20.841 Thread 0x00007f57b001a000 Uncommon trap: reason=unhandled action=none pc=0x00007f5809765f90 method=java.net.URLClassLoader.findClass(Ljava/lang/String;)Ljava/lang/Class; @ 44
Event: 20.841 Thread 0x00007f57b001a000 Uncommon trap: reason=unhandled action=none pc=0x00007f5809765f90 method=java.net.URLClassLoader.findClass(Ljava/lang/String;)Ljava/lang/Class; @ 44
Event: 20.860 Thread 0x00007f57b001a000 Uncommon trap: reason=unstable_if action=reinterpret pc=0x00007f580992c940 method=org.postgresql.util.PGbytea.toBytesHexEscaped([B)[B @ 14
Event: 20.862 Thread 0x00007f57b001a000 Uncommon trap: reason=bimorphic action=maybe_recompile pc=0x00007f5809523cd0 method=java.lang.StringCoding$StringEncoder.encode([CII)[B @ 48

Internal exceptions (10 events):
Event: 11.300 Thread 0x00007f581822d800 Exception <a 'java/lang/ClassNotFoundException': org/apache/jasper/runtime/PageContextImplCustomizer> (0x00000000d798b268) thrown at [/HUDSON3/workspace/8-2-build-linux-amd64/jdk8u101/7261/hotspot/src/share/vm/classfile/systemDictionary.cpp, line 210]
Event: 11.300 Thread 0x00007f581822d800 Exception <a 'java/lang/ArrayIndexOutOfBoundsException': 46> (0x00000000d79a0780) thrown at [/HUDSON3/workspace/8-2-build-linux-amd64/jdk8u101/7261/hotspot/src/share/vm/interpreter/interpreterRuntime.cpp, line 366]
Event: 11.303 Thread 0x00007f581822d800 Exception <a 'java/lang/ClassNotFoundException': org/springframework/security/web/servletapi/SecurityContextHolderAwareRequestWrapperBeanInfo> (0x00000000d79dfa48) thrown at [/HUDSON3/workspace/8-2-build-linux-amd64/jdk8u101/7261/hotspot/src/share/vm/clas
Event: 11.303 Thread 0x00007f581822d800 Exception <a 'java/lang/ClassNotFoundException': javax/servlet/http/HttpServletRequestWrapperBeanInfo> (0x00000000d79edc78) thrown at [/HUDSON3/workspace/8-2-build-linux-amd64/jdk8u101/7261/hotspot/src/share/vm/classfile/systemDictionary.cpp, line 210]
Event: 11.304 Thread 0x00007f581822d800 Exception <a 'java/lang/ClassNotFoundException': javax/servlet/ServletRequestWrapperBeanInfo> (0x00000000d79faeb8) thrown at [/HUDSON3/workspace/8-2-build-linux-amd64/jdk8u101/7261/hotspot/src/share/vm/classfile/systemDictionary.cpp, line 210]
Event: 11.305 Thread 0x00007f581822d800 Exception <a 'java/lang/ClassNotFoundException': javax/servlet/ServletRequestWrapperCustomizer> (0x00000000d7a08528) thrown at [/HUDSON3/workspace/8-2-build-linux-amd64/jdk8u101/7261/hotspot/src/share/vm/classfile/systemDictionary.cpp, line 210]
Event: 11.306 Thread 0x00007f581822d800 Exception <a 'java/lang/ClassNotFoundException': javax/servlet/http/HttpServletRequestWrapperCustomizer> (0x00000000d7a31900) thrown at [/HUDSON3/workspace/8-2-build-linux-amd64/jdk8u101/7261/hotspot/src/share/vm/classfile/systemDictionary.cpp, line 210]
Event: 11.308 Thread 0x00007f581822d800 Exception <a 'java/lang/ClassNotFoundException': org/springframework/security/web/servletapi/SecurityContextHolderAwareRequestWrapperCustomizer> (0x00000000d7a6a898) thrown at [/HUDSON3/workspace/8-2-build-linux-amd64/jdk8u101/7261/hotspot/src/share/vm/cl
Event: 11.650 Thread 0x00007f57b001a000 Exception <a 'java/io/FileNotFoundException'> (0x00000000d80de078) thrown at [/HUDSON3/workspace/8-2-build-linux-amd64/jdk8u101/7261/hotspot/src/share/vm/prims/jni.cpp, line 709]
Event: 11.650 Thread 0x00007f57b001a000 Exception <a 'java/io/FileNotFoundException'> (0x00000000d80dec50) thrown at [/HUDSON3/workspace/8-2-build-linux-amd64/jdk8u101/7261/hotspot/src/share/vm/prims/jni.cpp, line 709]

Events (10 events):
Event: 32.707 Executing VM operation: GetOrSetLocal done
Event: 32.707 Executing VM operation: GetOrSetLocal
Event: 32.708 Executing VM operation: GetOrSetLocal done
Event: 48.343 Thread 0x00007f58180d0800 flushing nmethod 0x00007f5809390cd0
Event: 48.345 Thread 0x00007f58180d0800 flushing nmethod 0x00007f5809407010
Event: 71.411 Thread 0x00007f57b000c000 Thread exited: 0x00007f57b000c000
Event: 71.450 Executing VM operation: GetOrSetLocal
Event: 71.450 Executing VM operation: GetOrSetLocal done
Event: 72.683 Executing VM operation: RedefineClasses
Event: 72.711 Executing VM operation: RedefineClasses done


Dynamic libraries:
00400000-00401000 r-xp 00000000 08:05 2902462                            /usr/lib/jvm/java-8-oracle/bin/java
00600000-00601000 rw-p 00000000 08:05 2902462                            /usr/lib/jvm/java-8-oracle/bin/java
013ac000-013cd000 rw-p 00000000 00:00 0                                  [heap]
84c00000-88a00000 rw-p 00000000 00:00 0 
88a00000-d6f00000 ---p 00000000 00:00 0 
d6f00000-e4a00000 rw-p 00000000 00:00 0 
e4a00000-100000000 ---p 00000000 00:00 0 
100000000-1003cc000 rw-p 00000000 00:00 0 
1003cc000-140000000 ---p 00000000 00:00 0 
7f5794000000-7f5794021000 rw-p 00000000 00:00 0 
7f5794021000-7f5798000000 ---p 00000000 00:00 0 
7f5798000000-7f57980fe000 rw-p 00000000 00:00 0 
7f57980fe000-7f579c000000 ---p 00000000 00:00 0 
7f579c000000-7f579c021000 rw-p 00000000 00:00 0 
7f579c021000-7f57a0000000 ---p 00000000 00:00 0 
7f57a0000000-7f57a0021000 rw-p 00000000 00:00 0 
7f57a0021000-7f57a4000000 ---p 00000000 00:00 0 
7f57a4000000-7f57a4021000 rw-p 00000000 00:00 0 
7f57a4021000-7f57a8000000 ---p 00000000 00:00 0 
7f57a8000000-7f57a8021000 rw-p 00000000 00:00 0 
7f57a8021000-7f57ac000000 ---p 00000000 00:00 0 
7f57ac000000-7f57ac3d0000 rw-p 00000000 00:00 0 
7f57ac3d0000-7f57b0000000 ---p 00000000 00:00 0 
7f57b0000000-7f57b0045000 rw-p 00000000 00:00 0 
7f57b0045000-7f57b4000000 ---p 00000000 00:00 0 
7f57b4000000-7f57b4021000 rw-p 00000000 00:00 0 
7f57b4021000-7f57b8000000 ---p 00000000 00:00 0 
7f57b8000000-7f57b8021000 rw-p 00000000 00:00 0 
7f57b8021000-7f57bc000000 ---p 00000000 00:00 0 
7f57bc000000-7f57bcf6f000 rw-p 00000000 00:00 0 
7f57bcf6f000-7f57c0000000 ---p 00000000 00:00 0 
7f57c0000000-7f57c0021000 rw-p 00000000 00:00 0 
7f57c0021000-7f57c4000000 ---p 00000000 00:00 0 
7f57c4000000-7f57c61c2000 rw-p 00000000 00:00 0 
7f57c61c2000-7f57c8000000 ---p 00000000 00:00 0 
7f57c8000000-7f57c8021000 rw-p 00000000 00:00 0 
7f57c8021000-7f57cc000000 ---p 00000000 00:00 0 
7f57cc000000-7f57ceef9000 rw-p 00000000 00:00 0 
7f57ceef9000-7f57d0000000 ---p 00000000 00:00 0 
7f57d3eff000-7f57d3f02000 ---p 00000000 00:00 0 
7f57d3f02000-7f57d4000000 rw-p 00000000 00:00 0 
7f57d4000000-7f57d4021000 rw-p 00000000 00:00 0 
7f57d4021000-7f57d8000000 ---p 00000000 00:00 0 
7f57d8000000-7f57d8021000 rw-p 00000000 00:00 0 
7f57d8021000-7f57dc000000 ---p 00000000 00:00 0 
7f57dc000000-7f57dc021000 rw-p 00000000 00:00 0 
7f57dc021000-7f57e0000000 ---p 00000000 00:00 0 
7f57e0000000-7f57e02af000 rw-p 00000000 00:00 0 
7f57e02af000-7f57e4000000 ---p 00000000 00:00 0 
7f57e4000000-7f57e4021000 rw-p 00000000 00:00 0 
7f57e4021000-7f57e8000000 ---p 00000000 00:00 0 
7f57e8000000-7f57e8021000 rw-p 00000000 00:00 0 
7f57e8021000-7f57ec000000 ---p 00000000 00:00 0 
7f57ec000000-7f57ec063000 rw-p 00000000 00:00 0 
7f57ec063000-7f57f0000000 ---p 00000000 00:00 0 
7f57f0075000-7f57f0078000 ---p 00000000 00:00 0 
7f57f0078000-7f57f0176000 rw-p 00000000 00:00 0 
7f57f0176000-7f57f0179000 ---p 00000000 00:00 0 
7f57f0179000-7f57f0277000 rw-p 00000000 00:00 0 
7f57f0277000-7f57f027a000 ---p 00000000 00:00 0 
7f57f027a000-7f57f0578000 rw-p 00000000 00:00 0 
7f57f0578000-7f57f0778000 rw-p 00000000 00:00 0 
7f57f0778000-7f57f0978000 rw-p 00000000 00:00 0 
7f57f0978000-7f57f0b78000 rw-p 00000000 00:00 0 
7f57f0bad000-7f57f0bb0000 ---p 00000000 00:00 0 
7f57f0bb0000-7f57f0cae000 rw-p 00000000 00:00 0 
7f57f0cae000-7f57f0cc1000 r--s 00345000 08:05 2902529                    /usr/lib/jvm/java-8-oracle/jre/lib/resources.jar
7f57f0cc1000-7f57f0ec1000 rw-p 00000000 00:00 0 
7f57f0ec1000-7f57f0ed2000 r-xp 00000000 08:05 3031278                    /usr/lib/jvm/java-8-oracle/jre/lib/amd64/libnio.so
7f57f0ed2000-7f57f10d1000 ---p 00011000 08:05 3031278                    /usr/lib/jvm/java-8-oracle/jre/lib/amd64/libnio.so
7f57f10d1000-7f57f10d2000 rw-p 00010000 08:05 3031278                    /usr/lib/jvm/java-8-oracle/jre/lib/amd64/libnio.so
7f57f10d2000-7f57f12d2000 rw-p 00000000 00:00 0 
7f57f12d2000-7f57f12d7000 r--s 002f9000 08:05 2902506                    /usr/lib/jvm/java-8-oracle/jre/lib/charsets.jar
7f57f12d7000-7f57f14d7000 rw-p 00000000 00:00 0 
7f57f14d7000-7f57f16d7000 rw-p 00000000 00:00 0 
7f57f16d7000-7f57f18d7000 rw-p 00000000 00:00 0 
7f57f18d7000-7f57f1ad7000 rw-p 00000000 00:00 0 
7f57f1ad7000-7f57f1ada000 ---p 00000000 00:00 0 
7f57f1ada000-7f57f1bd8000 rw-p 00000000 00:00 0 
7f57f1bd8000-7f57f1bdc000 r--s 00097000 08:05 2902505                    /usr/lib/jvm/java-8-oracle/jre/lib/jsse.jar
7f57f1bdc000-7f57f1be5000 r--s 0004e000 08:05 678952                     /home/sebastian/.m2/repository/org/flywaydb/flyway-core/4.0.3/flyway-core-4.0.3.jar
7f57f1be5000-7f57f1be7000 r--s 0000d000 08:05 1193576                    /home/sebastian/.m2/repository/org/jboss/logging/jboss-logging/3.1.0.CR2/jboss-logging-3.1.0.CR2.jar
7f57f1be7000-7f57f1bf2000 r--s 0006a000 08:05 1716921                    /home/sebastian/.m2/repository/org/hibernate/hibernate-validator/4.3.1.Final/hibernate-validator-4.3.1.Final.jar
7f57f1bf2000-7f57f1bf5000 r--s 00012000 08:05 1978212                    /home/sebastian/.m2/repository/org/springframework/security/spring-security-acl/4.0.4.RELEASE/spring-security-acl-4.0.4.RELEASE.jar
7f57f1bf5000-7f57f1bfd000 r--s 0006c000 08:05 1980517                    /home/sebastian/.m2/repository/org/springframework/security/spring-security-config/4.0.4.RELEASE/spring-security-config-4.0.4.RELEASE.jar
7f57f1bfd000-7f57f1c06000 r--s 00047000 08:05 1980515                    /home/sebastian/.m2/repository/org/springframework/security/spring-security-web/4.0.4.RELEASE/spring-security-web-4.0.4.RELEASE.jar
7f57f1c06000-7f57f1c12000 r--s 0004c000 08:05 1980513                    /home/sebastian/.m2/repository/org/springframework/security/spring-security-core/4.0.4.RELEASE/spring-security-core-4.0.4.RELEASE.jar
7f57f1c12000-7f57f1c16000 r--s 0002d000 08:05 2107347                    /home/sebastian/.m2/repository/com/fasterxml/jackson/core/jackson-core/2.3.1/jackson-core-2.3.1.jar
7f57f1c16000-7f57f1c18000 r--s 00007000 08:05 2107345                    /home/sebastian/.m2/repository/com/fasterxml/jackson/core/jackson-annotations/2.3.0/jackson-annotations-2.3.0.jar
7f57f1c18000-7f57f1c2a000 r--s 000ce000 08:05 2107343                    /home/sebastian/.m2/repository/com/fasterxml/jackson/core/jackson-databind/2.3.1/jackson-databind-2.3.1.jar
7f57f1c2a000-7f57f1c2c000 r--s 00003000 08:05 678918                     /home/sebastian/.m2/repository/org/logback-extensions/logback-ext-spring/0.1.1/logback-ext-spring-0.1.1.jar
7f57f1c2c000-7f57f1c2e000 r--s 00003000 08:05 678916                     /home/sebastian/.m2/repository/org/slf4j/jcl-over-slf4j/1.7.5/jcl-over-slf4j-1.7.5.jar
7f57f1c2e000-7f57f1c38000 r--s 0005f000 08:05 678914                     /home/sebastian/.m2/repository/ch/qos/logback/logback-core/1.1.2/logback-core-1.1.2.jar
7f57f1c38000-7f57f1c3e000 r--s 0003d000 08:05 678912                     /home/sebastian/.m2/repository/ch/qos/logback/logback-classic/1.1.2/logback-classic-1.1.2.jar
7f57f1c3e000-7f57f1c40000 r--s 00005000 08:05 678910                     /home/sebastian/.m2/repository/org/slf4j/slf4j-api/1.7.5/slf4j-api-1.7.5.jar
7f57f1c40000-7f57f1c4e000 r--s 00159000 08:05 1452495                    /home/sebastian/.m2/repository/org/hsqldb/hsqldb/2.3.1/hsqldb-2.3.1.jar
7f57f1c4e000-7f57f1c5c000 r--s 0007c000 08:05 1976638                    /home/sebastian/.m2/repository/org/springframework/spring-test/4.2.5.RELEASE/spring-test-4.2.5.RELEASE.jar
7f57f1c5c000-7f57f1c5e000 r--s 00009000 08:05 407001                     /home/sebastian/.m2/repository/org/hamcrest/hamcrest-core/1.3/hamcrest-core-1.3.jar
7f57f1c5e000-7f57f1c66000 r--s 00045000 08:05 1972849                    /home/sebastian/.m2/repository/junit/junit/4.12/junit-4.12.jar
7f57f1c66000-7f57f1c7d000 r--s 000f9000 08:05 1973733                    /home/sebastian/.m2/repository/org/springframework/spring-core/4.3.2.RELEASE/spring-core-4.3.2.RELEASE.jar
7f57f1c7d000-7f57f1c8a000 r--s 000ac000 08:05 1973731                    /home/sebastian/.m2/repository/org/springframework/spring-beans/4.3.2.RELEASE/spring-beans-4.3.2.RELEASE.jar
7f57f1c8a000-7f57f1c8e000 r--s 00027000 08:05 406441                     /home/sebastian/.m2/repository/commons-io/commons-io/2.2/commons-io-2.2.jar
7f57f1c8e000-7f57f1c90000 r--s 0000f000 08:05 929672                     /home/sebastian/.m2/repository/commons-fileupload/commons-fileupload/1.3.1/commons-fileupload-1.3.1.jar
7f57f1c90000-7f57f1c97000 r--s 0008a000 08:05 1584990                    /home/sebastian/.m2/repository/org/postgresql/postgresql/9.3-1102-jdbc41/postgresql-9.3-1102-jdbc41.jar
7f57f1c97000-7f57f1c9f000 r--s 0003a000 08:05 1972794                    /home/sebastian/.m2/repository/org/springframework/spring-tx/4.3.2.RELEASE/spring-tx-4.3.2.RELEASE.jar
7f57f1c9f000-7f57f1ca9000 r--s 0005f000 08:05 1972792                    /home/sebastian/.m2/repository/org/springframework/spring-jdbc/4.3.2.RELEASE/spring-jdbc-4.3.2.RELEASE.jar
7f57f1ca9000-7f57f1cba000 r--s 000ab000 08:05 1971897                    /home/sebastian/.m2/repository/org/springframework/spring-web/4.2.5.RELEASE/spring-web-4.2.5.RELEASE.jar
7f57f1cba000-7f57f1cbf000 r--s 0003c000 08:05 1971895                    /home/sebastian/.m2/repository/org/springframework/spring-expression/4.2.5.RELEASE/spring-expression-4.2.5.RELEASE.jar
7f57f1cbf000-7f57f1cc1000 r--s 00000000 08:05 1971893                    /home/sebastian/.m2/repository/aopalliance/aopalliance/1.0/aopalliance-1.0.jar
7f57f1cc1000-7f57f1cca000 r--s 00052000 08:05 1971891                    /home/sebastian/.m2/repository/org/springframework/spring-aop/4.2.5.RELEASE/spring-aop-4.2.5.RELEASE.jar
7f57f1cca000-7f57f1ce3000 r--s 000f3000 08:05 1971889                    /home/sebastian/.m2/repository/org/springframework/spring-context/4.2.5.RELEASE/spring-context-4.2.5.RELEASE.jar
7f57f1ce3000-7f57f1ce5000 r--s 0000e000 08:05 1971887                    /home/sebastian/.m2/repository/commons-logging/commons-logging/1.2/commons-logging-1.2.jar
7f57f1ce5000-7f57f1cfb000 r--s 000f2000 08:05 1971885                    /home/sebastian/.m2/repository/org/springframework/spring-core/4.2.5.RELEASE/spring-core-4.2.5.RELEASE.jar
7f57f1cfb000-7f57f1d08000 r--s 000a6000 08:05 1971883                    /home/sebastian/.m2/repository/org/springframework/spring-beans/4.2.5.RELEASE/spring-beans-4.2.5.RELEASE.jar
7f57f1d08000-7f57f1d19000 r--s 000c6000 08:05 1971881                    /home/sebastian/.m2/repository/org/springframework/spring-webmvc/4.2.5.RELEASE/spring-webmvc-4.2.5.RELEASE.jar
7f57f1d19000-7f57f1d1c000 r--s 0001b000 08:05 1847333                    /home/sebastian/.m2/repository/junit/junit/3.8.1/junit-3.8.1.jar
7f57f1d1c000-7f57f1d26000 r--s 0005c000 08:05 1972281                    /home/sebastian/.m2/repository/javax/servlet/jstl/1.2/jstl-1.2.jar
7f57f1d26000-7f57f1d29000 ---p 00000000 00:00 0 
7f57f1d29000-7f57f1e27000 rw-p 00000000 00:00 0 
7f57f1e27000-7f57f1e2a000 ---p 00000000 00:00 0 
7f57f1e2a000-7f57f1f28000 rw-p 00000000 00:00 0 
7f57f1f28000-7f57f1f2b000 ---p 00000000 00:00 0 
7f57f1f2b000-7f57f2029000 rw-p 00000000 00:00 0 
7f57f2029000-7f57f202c000 ---p 00000000 00:00 0 
7f57f202c000-7f57f242b000 rw-p 00000000 00:00 0 
7f57f242b000-7f57f2441000 r-xp 00000000 08:05 3031255                    /usr/lib/jvm/java-8-oracle/jre/lib/amd64/libnet.so
7f57f2441000-7f57f2641000 ---p 00016000 08:05 3031255                    /usr/lib/jvm/java-8-oracle/jre/lib/amd64/libnet.so
7f57f2641000-7f57f2642000 rw-p 00016000 08:05 3031255                    /usr/lib/jvm/java-8-oracle/jre/lib/amd64/libnet.so
7f57f2642000-7f57f2643000 ---p 00000000 00:00 0 
7f57f2643000-7f57f2743000 rw-p 00000000 00:00 0 
7f57f2743000-7f57f2746000 ---p 00000000 00:00 0 
7f57f2746000-7f57f2844000 rw-p 00000000 00:00 0 
7f57f2844000-7f57f2847000 ---p 00000000 00:00 0 
7f57f2847000-7f57f2945000 rw-p 00000000 00:00 0 
7f57f2945000-7f57f2948000 ---p 00000000 00:00 0 
7f57f2948000-7f57f2a46000 rw-p 00000000 00:00 0 
7f57f2a46000-7f57f2a49000 ---p 00000000 00:00 0 
7f57f2a49000-7f57f2b47000 rw-p 00000000 00:00 0 
7f57f2b47000-7f57f2b4a000 ---p 00000000 00:00 0 
7f57f2b4a000-7f57f2c48000 rw-p 00000000 00:00 0 
7f57f2c48000-7f57f2c4b000 ---p 00000000 00:00 0 
7f57f2c4b000-7f57f2d49000 rw-p 00000000 00:00 0 
7f57f2d49000-7f57f2d4c000 ---p 00000000 00:00 0 
7f57f2d4c000-7f57f2e4a000 rw-p 00000000 00:00 0 
7f57f2e4a000-7f57f2e4e000 r-xp 00000000 08:05 3031294                    /usr/lib/jvm/java-8-oracle/jre/lib/amd64/libdt_socket.so
7f57f2e4e000-7f57f304d000 ---p 00004000 08:05 3031294                    /usr/lib/jvm/java-8-oracle/jre/lib/amd64/libdt_socket.so
7f57f304d000-7f57f304e000 rw-p 00003000 08:05 3031294                    /usr/lib/jvm/java-8-oracle/jre/lib/amd64/libdt_socket.so
7f57f304e000-7f57f3051000 ---p 00000000 00:00 0 
7f57f3051000-7f57f314f000 rw-p 00000000 00:00 0 
7f57f314f000-7f57f3152000 ---p 00000000 00:00 0 
7f57f3152000-7f57f3250000 rw-p 00000000 00:00 0 
7f57f3250000-7f57f3253000 ---p 00000000 00:00 0 
7f57f3253000-7f57f3351000 rw-p 00000000 00:00 0 
7f57f3351000-7f57f3352000 ---p 00000000 00:00 0 
7f57f3352000-7f57f8000000 rw-p 00000000 00:00 0 
7f57f8000000-7f57f8021000 rw-p 00000000 00:00 0 
7f57f8021000-7f57fc000000 ---p 00000000 00:00 0 
7f57fc000000-7f57fc021000 rw-p 00000000 00:00 0 
7f57fc021000-7f5800000000 ---p 00000000 00:00 0 
7f5800000000-7f5800021000 rw-p 00000000 00:00 0 
7f5800021000-7f5804000000 ---p 00000000 00:00 0 
7f5804000000-7f5804021000 rw-p 00000000 00:00 0 
7f5804021000-7f5808000000 ---p 00000000 00:00 0 
7f5808001000-7f5808024000 r--s 00344000 08:05 1972240                    /home/sebastian/eclipse/java-neon/eclipse/configuration/org.eclipse.osgi/467/0/.cp/lib/core-3.1.1.jar
7f5808024000-7f58081d7000 rw-p 00000000 00:00 0 
7f58081d7000-7f58083b0000 r--s 03d29000 08:05 2902510                    /usr/lib/jvm/java-8-oracle/jre/lib/rt.jar
7f58083b0000-7f5809000000 rw-p 00000000 00:00 0 
7f5809000000-7f5809af0000 rwxp 00000000 00:00 0 
7f5809af0000-7f5818000000 ---p 00000000 00:00 0 
7f5818000000-7f5819aed000 rw-p 00000000 00:00 0 
7f5819aed000-7f581c000000 ---p 00000000 00:00 0 
7f581c001000-7f581c004000 r--s 00009000 08:05 1980519                    /home/sebastian/.m2/repository/javax/validation/validation-api/1.0.0.GA/validation-api-1.0.0.GA.jar
7f581c004000-7f581c015000 r--s 000ea000 08:05 1972244                    /home/sebastian/eclipse/java-neon/eclipse/configuration/org.eclipse.osgi/467/0/.cp/lib/jsp-2.1.jar
7f581c015000-7f581c036000 rw-p 00000000 00:00 0 
7f581c036000-7f581c037000 ---p 00000000 00:00 0 
7f581c037000-7f581c137000 rw-p 00000000 00:00 0 
7f581c137000-7f581c138000 ---p 00000000 00:00 0 
7f581c138000-7f581c238000 rw-p 00000000 00:00 0 
7f581c238000-7f581c239000 ---p 00000000 00:00 0 
7f581c239000-7f581c339000 rw-p 00000000 00:00 0 
7f581c339000-7f581c33a000 ---p 00000000 00:00 0 
7f581c33a000-7f581c459000 rw-p 00000000 00:00 0 
7f581c459000-7f581c6cc000 ---p 00000000 00:00 0 
7f581c6cc000-7f581c6eb000 rw-p 00000000 00:00 0 
7f581c6eb000-7f581c95d000 ---p 00000000 00:00 0 
7f581c95d000-7f581c9cb000 rw-p 00000000 00:00 0 
7f581c9cb000-7f581caa6000 ---p 00000000 00:00 0 
7f581caa6000-7f581cad3000 rw-p 00000000 00:00 0 
7f581cad3000-7f581ce67000 ---p 00000000 00:00 0 
7f581ce67000-7f581ce81000 r-xp 00000000 08:05 3031276                    /usr/lib/jvm/java-8-oracle/jre/lib/amd64/libzip.so
7f581ce81000-7f581d081000 ---p 0001a000 08:05 3031276                    /usr/lib/jvm/java-8-oracle/jre/lib/amd64/libzip.so
7f581d081000-7f581d082000 rw-p 0001a000 08:05 3031276                    /usr/lib/jvm/java-8-oracle/jre/lib/amd64/libzip.so
7f581d082000-7f581d08d000 r-xp 00000000 08:05 6571103                    /lib/x86_64-linux-gnu/libnss_files-2.23.so
7f581d08d000-7f581d28c000 ---p 0000b000 08:05 6571103                    /lib/x86_64-linux-gnu/libnss_files-2.23.so
7f581d28c000-7f581d28d000 r--p 0000a000 08:05 6571103                    /lib/x86_64-linux-gnu/libnss_files-2.23.so
7f581d28d000-7f581d28e000 rw-p 0000b000 08:05 6571103                    /lib/x86_64-linux-gnu/libnss_files-2.23.so
7f581d28e000-7f581d294000 rw-p 00000000 00:00 0 
7f581d294000-7f581d29f000 r-xp 00000000 08:05 6571113                    /lib/x86_64-linux-gnu/libnss_nis-2.23.so
7f581d29f000-7f581d49e000 ---p 0000b000 08:05 6571113                    /lib/x86_64-linux-gnu/libnss_nis-2.23.so
7f581d49e000-7f581d49f000 r--p 0000a000 08:05 6571113                    /lib/x86_64-linux-gnu/libnss_nis-2.23.so
7f581d49f000-7f581d4a0000 rw-p 0000b000 08:05 6571113                    /lib/x86_64-linux-gnu/libnss_nis-2.23.so
7f581d4a0000-7f581d4b6000 r-xp 00000000 08:05 6571097                    /lib/x86_64-linux-gnu/libnsl-2.23.so
7f581d4b6000-7f581d6b5000 ---p 00016000 08:05 6571097                    /lib/x86_64-linux-gnu/libnsl-2.23.so
7f581d6b5000-7f581d6b6000 r--p 00015000 08:05 6571097                    /lib/x86_64-linux-gnu/libnsl-2.23.so
7f581d6b6000-7f581d6b7000 rw-p 00016000 08:05 6571097                    /lib/x86_64-linux-gnu/libnsl-2.23.so
7f581d6b7000-7f581d6b9000 rw-p 00000000 00:00 0 
7f581d6b9000-7f581d6c1000 r-xp 00000000 08:05 6571099                    /lib/x86_64-linux-gnu/libnss_compat-2.23.so
7f581d6c1000-7f581d8c0000 ---p 00008000 08:05 6571099                    /lib/x86_64-linux-gnu/libnss_compat-2.23.so
7f581d8c0000-7f581d8c1000 r--p 00007000 08:05 6571099                    /lib/x86_64-linux-gnu/libnss_compat-2.23.so
7f581d8c1000-7f581d8c2000 rw-p 00008000 08:05 6571099                    /lib/x86_64-linux-gnu/libnss_compat-2.23.so
7f581d8c2000-7f581e281000 r--p 00000000 08:05 2896613                    /usr/lib/locale/locale-archive
7f581e281000-7f581e283000 r-xp 00000000 08:05 3031284                    /usr/lib/jvm/java-8-oracle/jre/lib/amd64/libnpt.so
7f581e283000-7f581e483000 ---p 00002000 08:05 3031284                    /usr/lib/jvm/java-8-oracle/jre/lib/amd64/libnpt.so
7f581e483000-7f581e484000 rw-p 00002000 08:05 3031284                    /usr/lib/jvm/java-8-oracle/jre/lib/amd64/libnpt.so
7f581e484000-7f581e4bd000 r-xp 00000000 08:05 3031252                    /usr/lib/jvm/java-8-oracle/jre/lib/amd64/libjdwp.so
7f581e4bd000-7f581e6bc000 ---p 00039000 08:05 3031252                    /usr/lib/jvm/java-8-oracle/jre/lib/amd64/libjdwp.so
7f581e6bc000-7f581e6be000 rw-p 00038000 08:05 3031252                    /usr/lib/jvm/java-8-oracle/jre/lib/amd64/libjdwp.so
7f581e6be000-7f581e6e8000 r-xp 00000000 08:05 3031302                    /usr/lib/jvm/java-8-oracle/jre/lib/amd64/libjava.so
7f581e6e8000-7f581e8e8000 ---p 0002a000 08:05 3031302                    /usr/lib/jvm/java-8-oracle/jre/lib/amd64/libjava.so
7f581e8e8000-7f581e8ea000 rw-p 0002a000 08:05 3031302                    /usr/lib/jvm/java-8-oracle/jre/lib/amd64/libjava.so
7f581e8ea000-7f581e8f7000 r-xp 00000000 08:05 3031256                    /usr/lib/jvm/java-8-oracle/jre/lib/amd64/libverify.so
7f581e8f7000-7f581eaf7000 ---p 0000d000 08:05 3031256                    /usr/lib/jvm/java-8-oracle/jre/lib/amd64/libverify.so
7f581eaf7000-7f581eaf9000 rw-p 0000d000 08:05 3031256                    /usr/lib/jvm/java-8-oracle/jre/lib/amd64/libverify.so
7f581eaf9000-7f581eb00000 r-xp 00000000 08:05 6571158                    /lib/x86_64-linux-gnu/librt-2.23.so
7f581eb00000-7f581ecff000 ---p 00007000 08:05 6571158                    /lib/x86_64-linux-gnu/librt-2.23.so
7f581ecff000-7f581ed00000 r--p 00006000 08:05 6571158                    /lib/x86_64-linux-gnu/librt-2.23.so
7f581ed00000-7f581ed01000 rw-p 00007000 08:05 6571158                    /lib/x86_64-linux-gnu/librt-2.23.so
7f581ed01000-7f581ee09000 r-xp 00000000 08:05 6571074                    /lib/x86_64-linux-gnu/libm-2.23.so
7f581ee09000-7f581f008000 ---p 00108000 08:05 6571074                    /lib/x86_64-linux-gnu/libm-2.23.so
7f581f008000-7f581f009000 r--p 00107000 08:05 6571074                    /lib/x86_64-linux-gnu/libm-2.23.so
7f581f009000-7f581f00a000 rw-p 00108000 08:05 6571074                    /lib/x86_64-linux-gnu/libm-2.23.so
7f581f00a000-7f581fcd5000 r-xp 00000000 08:05 3031312                    /usr/lib/jvm/java-8-oracle/jre/lib/amd64/server/libjvm.so
7f581fcd5000-7f581fed4000 ---p 00ccb000 08:05 3031312                    /usr/lib/jvm/java-8-oracle/jre/lib/amd64/server/libjvm.so
7f581fed4000-7f581ffad000 rw-p 00cca000 08:05 3031312                    /usr/lib/jvm/java-8-oracle/jre/lib/amd64/server/libjvm.so
7f581ffad000-7f581fff8000 rw-p 00000000 00:00 0 
7f581fff8000-7f58201b8000 r-xp 00000000 08:05 6571004                    /lib/x86_64-linux-gnu/libc-2.23.so
7f58201b8000-7f58203b7000 ---p 001c0000 08:05 6571004                    /lib/x86_64-linux-gnu/libc-2.23.so
7f58203b7000-7f58203bb000 r--p 001bf000 08:05 6571004                    /lib/x86_64-linux-gnu/libc-2.23.so
7f58203bb000-7f58203bd000 rw-p 001c3000 08:05 6571004                    /lib/x86_64-linux-gnu/libc-2.23.so
7f58203bd000-7f58203c1000 rw-p 00000000 00:00 0 
7f58203c1000-7f58203c4000 r-xp 00000000 08:05 6571028                    /lib/x86_64-linux-gnu/libdl-2.23.so
7f58203c4000-7f58205c3000 ---p 00003000 08:05 6571028                    /lib/x86_64-linux-gnu/libdl-2.23.so
7f58205c3000-7f58205c4000 r--p 00002000 08:05 6571028                    /lib/x86_64-linux-gnu/libdl-2.23.so
7f58205c4000-7f58205c5000 rw-p 00003000 08:05 6571028                    /lib/x86_64-linux-gnu/libdl-2.23.so
7f58205c5000-7f58205da000 r-xp 00000000 08:05 2901581                    /usr/lib/jvm/java-8-oracle/lib/amd64/jli/libjli.so
7f58205da000-7f58207da000 ---p 00015000 08:05 2901581                    /usr/lib/jvm/java-8-oracle/lib/amd64/jli/libjli.so
7f58207da000-7f58207db000 rw-p 00015000 08:05 2901581                    /usr/lib/jvm/java-8-oracle/lib/amd64/jli/libjli.so
7f58207db000-7f58207f3000 r-xp 00000000 08:05 6571150                    /lib/x86_64-linux-gnu/libpthread-2.23.so
7f58207f3000-7f58209f2000 ---p 00018000 08:05 6571150                    /lib/x86_64-linux-gnu/libpthread-2.23.so
7f58209f2000-7f58209f3000 r--p 00017000 08:05 6571150                    /lib/x86_64-linux-gnu/libpthread-2.23.so
7f58209f3000-7f58209f4000 rw-p 00018000 08:05 6571150                    /lib/x86_64-linux-gnu/libpthread-2.23.so
7f58209f4000-7f58209f8000 rw-p 00000000 00:00 0 
7f58209f8000-7f5820a1e000 r-xp 00000000 08:05 6570976                    /lib/x86_64-linux-gnu/ld-2.23.so
7f5820a1e000-7f5820a20000 r--s 0000b000 08:05 1976310                    /home/sebastian/.m2/repository/javax/servlet/jsp/javax.servlet.jsp-api/2.3.1/javax.servlet.jsp-api-2.3.1.jar
7f5820a20000-7f5820a23000 r--s 00012000 08:05 1973762                    /home/sebastian/.m2/repository/javax/servlet/javax.servlet-api/3.0.1/javax.servlet-api-3.0.1.jar
7f5820a23000-7f5820a25000 r--s 00018000 08:05 1972278                    /home/sebastian/.m2/repository/javax/servlet/servlet-api/2.5/servlet-api-2.5.jar
7f5820a25000-7f5820a27000 r--s 0000e000 08:05 1847892                    /home/sebastian/.m2/repository/javax/activation/activation/1.1/activation-1.1.jar
7f5820a27000-7f5820a29000 r--s 00004000 08:05 1847890                    /home/sebastian/.m2/repository/javax/xml/stream/stax-api/1.0-2/stax-api-1.0-2.jar
7f5820a29000-7f5820a2c000 r--s 00013000 08:05 1847888                    /home/sebastian/.m2/repository/javax/xml/bind/jaxb-api/2.1/jaxb-api-2.1.jar
7f5820a2c000-7f5820af7000 rw-p 00000000 00:00 0 
7f5820af7000-7f5820afa000 ---p 00000000 00:00 0 
7f5820afa000-7f5820bfc000 rw-p 00000000 00:00 0 
7f5820bfc000-7f5820bfd000 r--s 00004000 08:05 1978176                    /home/sebastian/.m2/repository/org/springframework/security/spring-security-taglibs/4.0.4.RELEASE/spring-security-taglibs-4.0.4.RELEASE.jar
7f5820bfd000-7f5820c01000 r--s 00028000 08:05 1972243                    /home/sebastian/eclipse/java-neon/eclipse/configuration/org.eclipse.osgi/467/0/.cp/lib/jetty-util-6.1.26.jar
7f5820c01000-7f5820c03000 r--s 00007000 08:05 1972242                    /home/sebastian/eclipse/java-neon/eclipse/configuration/org.eclipse.osgi/467/0/.cp/lib/jetty-management-6.1.26.jar
7f5820c03000-7f5820c05000 r--s 0001f000 08:05 1972246                    /home/sebastian/eclipse/java-neon/eclipse/configuration/org.eclipse.osgi/467/0/.cp/lib/servlet-api-2.5-20081211.jar
7f5820c05000-7f5820c0c000 r--s 0007d000 08:05 1972241                    /home/sebastian/eclipse/java-neon/eclipse/configuration/org.eclipse.osgi/467/0/.cp/lib/jetty-6.1.26.jar
7f5820c0c000-7f5820c10000 r--s 0001d000 08:05 1972245                    /home/sebastian/eclipse/java-neon/eclipse/configuration/org.eclipse.osgi/467/0/.cp/lib/jsp-api-2.1.jar
7f5820c10000-7f5820c11000 r--s 00004000 08:05 1972239                    /home/sebastian/eclipse/java-neon/eclipse/configuration/org.eclipse.osgi/467/0/.cp/lib/bootstrap.jar
7f5820c11000-7f5820c19000 rw-s 00000000 08:05 5253177                    /tmp/hsperfdata_sebastian/19143
7f5820c19000-7f5820c1a000 rw-p 00000000 00:00 0 
7f5820c1a000-7f5820c1b000 r--p 00000000 00:00 0 
7f5820c1b000-7f5820c1d000 rw-p 00000000 00:00 0 
7f5820c1d000-7f5820c1e000 r--p 00025000 08:05 6570976                    /lib/x86_64-linux-gnu/ld-2.23.so
7f5820c1e000-7f5820c1f000 rw-p 00026000 08:05 6570976                    /lib/x86_64-linux-gnu/ld-2.23.so
7f5820c1f000-7f5820c20000 rw-p 00000000 00:00 0 
7ffe36243000-7ffe36264000 rw-p 00000000 00:00 0                          [stack]
7ffe362f9000-7ffe362fb000 r--p 00000000 00:00 0                          [vvar]
7ffe362fb000-7ffe362fd000 r-xp 00000000 00:00 0                          [vdso]
ffffffffff600000-ffffffffff601000 r-xp 00000000 00:00 0                  [vsyscall]

VM Arguments:
jvm_args: -agentlib:jdwp=transport=dt_socket,suspend=y,address=localhost:46221 -Drjrcontext=/webapp -Drjrwebapp=/home/sebastian/Desktop/Tp-Paw/apuntes-webapp/webapp/src/main/webapp -Drjrport=8080 -Drjrsslport=8443 -Drjrkeystore=/home/sebastian/.keystore -Drjrkeypassword=changeit -Drjrpassword=changeit -Drjrscanintervalseconds=5 -Drjrenablescanner=false -DrjrignoreScanClassFile=true -Drjrenablessl=false -Drjrneedclientauth=false -Drjrparentloaderpriority=true -DrjrenbaleJNDI=false -XX:MaxPermSize=128m -Drjrclasspath=file:///home/sebastian/workspace/.metadata/.plugins/runjettyrun/webapp.classpath -Drjrscanlist=file:///home/sebastian/workspace/.metadata/.plugins/runjettyrun/webapp.scanlist -DrjrResourceMapping= -DrjrEclipseListener=57396 -Dfile.encoding=UTF-8 
java_command: runjettyrun.Bootstrap
java_class_path (initial): /home/sebastian/eclipse/java-neon/eclipse/configuration/org.eclipse.osgi/467/0/.cp/lib/bootstrap.jar:/home/sebastian/eclipse/java-neon/eclipse/configuration/org.eclipse.osgi/467/0/.cp/lib/jsp-api-2.1.jar:/home/sebastian/eclipse/java-neon/eclipse/configuration/org.eclipse.osgi/467/0/.cp/lib/jetty-6.1.26.jar:/home/sebastian/eclipse/java-neon/eclipse/configuration/org.eclipse.osgi/467/0/.cp/lib/servlet-api-2.5-20081211.jar:/home/sebastian/eclipse/java-neon/eclipse/configuration/org.eclipse.osgi/467/0/.cp/lib/jetty-management-6.1.26.jar:/home/sebastian/eclipse/java-neon/eclipse/configuration/org.eclipse.osgi/467/0/.cp/lib/jetty-util-6.1.26.jar:/home/sebastian/eclipse/java-neon/eclipse/configuration/org.eclipse.osgi/467/0/.cp/lib/jsp-2.1.jar:/home/sebastian/eclipse/java-neon/eclipse/configuration/org.eclipse.osgi/467/0/.cp/lib/core-3.1.1.jar
Launcher Type: SUN_STANDARD

Environment Variables:
PATH=/usr/local/sbin:/usr/local/bin:/usr/sbin:/usr/bin:/sbin:/bin:/usr/games:/usr/local/games:/snap/bin
SHELL=/bin/bash
DISPLAY=:0

Signal Handlers:
SIGSEGV: [libjvm.so+0xac4790], sa_mask[0]=11111111011111111101111111111110, sa_flags=SA_RESTART|SA_SIGINFO
SIGBUS: [libjvm.so+0xac4790], sa_mask[0]=11111111011111111101111111111110, sa_flags=SA_RESTART|SA_SIGINFO
SIGFPE: [libjvm.so+0x91f140], sa_mask[0]=11111111011111111101111111111110, sa_flags=SA_RESTART|SA_SIGINFO
SIGPIPE: [libjvm.so+0x91f140], sa_mask[0]=11111111011111111101111111111110, sa_flags=SA_RESTART|SA_SIGINFO
SIGXFSZ: [libjvm.so+0x91f140], sa_mask[0]=11111111011111111101111111111110, sa_flags=SA_RESTART|SA_SIGINFO
SIGILL: [libjvm.so+0x91f140], sa_mask[0]=11111111011111111101111111111110, sa_flags=SA_RESTART|SA_SIGINFO
SIGUSR1: SIG_DFL, sa_mask[0]=00000000000000000000000000000000, sa_flags=none
SIGUSR2: [libjvm.so+0x920770], sa_mask[0]=00100000000000000000000000000000, sa_flags=SA_RESTART|SA_SIGINFO
SIGHUP: [libjvm.so+0x921b70], sa_mask[0]=11111111011111111101111111111110, sa_flags=SA_RESTART|SA_SIGINFO
SIGINT: [libjvm.so+0x921b70], sa_mask[0]=11111111011111111101111111111110, sa_flags=SA_RESTART|SA_SIGINFO
SIGTERM: [libjvm.so+0x921b70], sa_mask[0]=11111111011111111101111111111110, sa_flags=SA_RESTART|SA_SIGINFO
SIGQUIT: [libjvm.so+0x921b70], sa_mask[0]=11111111011111111101111111111110, sa_flags=SA_RESTART|SA_SIGINFO


---------------  S Y S T E M  ---------------

OS:DISTRIB_ID=Ubuntu
DISTRIB_RELEASE=16.04
DISTRIB_CODENAME=xenial
DISTRIB_DESCRIPTION="Ubuntu 16.04 LTS"

uname:Linux 4.4.0-38-generic #57-Ubuntu SMP Tue Sep 6 15:42:33 UTC 2016 x86_64
libc:glibc 2.23 NPTL 2.23 
rlimit: STACK 8192k, CORE 0k, NPROC 31229, NOFILE 65536, AS infinity
load average:4.63 3.46 2.07

/proc/meminfo:
MemTotal:        8072668 kB
MemFree:          141304 kB
MemAvailable:     386556 kB
Buffers:           23552 kB
Cached:          1295744 kB
SwapCached:       338016 kB
Active:          6328912 kB
Inactive:        1262632 kB
Active(anon):    6047620 kB
Inactive(anon):  1114064 kB
Active(file):     281292 kB
Inactive(file):   148568 kB
Unevictable:         516 kB
Mlocked:             516 kB
SwapTotal:       8285180 kB
SwapFree:        4888804 kB
Dirty:             17284 kB
Writeback:             0 kB
AnonPages:       6254152 kB
Mapped:           816500 kB
Shmem:            889128 kB
Slab:             149056 kB
SReclaimable:      80424 kB
SUnreclaim:        68632 kB
KernelStack:       18560 kB
PageTables:        93472 kB
NFS_Unstable:          0 kB
Bounce:                0 kB
WritebackTmp:          0 kB
CommitLimit:    12321512 kB
Committed_AS:   20432020 kB
VmallocTotal:   34359738367 kB
VmallocUsed:           0 kB
VmallocChunk:          0 kB
HardwareCorrupted:     0 kB
AnonHugePages:   1740800 kB
CmaTotal:              0 kB
CmaFree:               0 kB
HugePages_Total:       0
HugePages_Free:        0
HugePages_Rsvd:        0
HugePages_Surp:        0
Hugepagesize:       2048 kB
DirectMap4k:      495480 kB
DirectMap2M:     6742016 kB
DirectMap1G:     1048576 kB


CPU:total 4 (2 cores per cpu, 2 threads per core) family 6 model 78 stepping 3, cmov, cx8, fxsr, mmx, sse, sse2, sse3, ssse3, sse4.1, sse4.2, popcnt, avx, avx2, aes, clmul, erms, 3dnowpref, lzcnt, ht, tsc, tscinvbit, bmi1, bmi2, adx

/proc/cpuinfo:
processor	: 0
vendor_id	: GenuineIntel
cpu family	: 6
model		: 78
model name	: Intel(R) Core(TM) i5-6200U CPU @ 2.30GHz
stepping	: 3
microcode	: 0x33
cpu MHz		: 2298.562
cache size	: 3072 KB
physical id	: 0
siblings	: 4
core id		: 0
cpu cores	: 2
apicid		: 0
initial apicid	: 0
fpu		: yes
fpu_exception	: yes
cpuid level	: 22
wp		: yes
flags		: fpu vme de pse tsc msr pae mce cx8 apic sep mtrr pge mca cmov pat pse36 clflush dts acpi mmx fxsr sse sse2 ss ht tm pbe syscall nx pdpe1gb rdtscp lm constant_tsc art arch_perfmon pebs bts rep_good nopl xtopology nonstop_tsc aperfmperf eagerfpu pni pclmulqdq dtes64 monitor ds_cpl vmx est tm2 ssse3 sdbg fma cx16 xtpr pdcm pcid sse4_1 sse4_2 x2apic movbe popcnt tsc_deadline_timer aes xsave avx f16c rdrand lahf_lm abm 3dnowprefetch epb intel_pt tpr_shadow vnmi flexpriority ept vpid fsgsbase tsc_adjust bmi1 avx2 smep bmi2 erms invpcid mpx rdseed adx smap clflushopt xsaveopt xsavec xgetbv1 dtherm ida arat pln pts hwp hwp_notify hwp_act_window hwp_epp
bugs		:
bogomips	: 4799.88
clflush size	: 64
cache_alignment	: 64
address sizes	: 39 bits physical, 48 bits virtual
power management:

processor	: 1
vendor_id	: GenuineIntel
cpu family	: 6
model		: 78
model name	: Intel(R) Core(TM) i5-6200U CPU @ 2.30GHz
stepping	: 3
microcode	: 0x33
cpu MHz		: 2381.156
cache size	: 3072 KB
physical id	: 0
siblings	: 4
core id		: 1
cpu cores	: 2
apicid		: 2
initial apicid	: 2
fpu		: yes
fpu_exception	: yes
cpuid level	: 22
wp		: yes
flags		: fpu vme de pse tsc msr pae mce cx8 apic sep mtrr pge mca cmov pat pse36 clflush dts acpi mmx fxsr sse sse2 ss ht tm pbe syscall nx pdpe1gb rdtscp lm constant_tsc art arch_perfmon pebs bts rep_good nopl xtopology nonstop_tsc aperfmperf eagerfpu pni pclmulqdq dtes64 monitor ds_cpl vmx est tm2 ssse3 sdbg fma cx16 xtpr pdcm pcid sse4_1 sse4_2 x2apic movbe popcnt tsc_deadline_timer aes xsave avx f16c rdrand lahf_lm abm 3dnowprefetch epb intel_pt tpr_shadow vnmi flexpriority ept vpid fsgsbase tsc_adjust bmi1 avx2 smep bmi2 erms invpcid mpx rdseed adx smap clflushopt xsaveopt xsavec xgetbv1 dtherm ida arat pln pts hwp hwp_notify hwp_act_window hwp_epp
bugs		:
bogomips	: 4799.88
clflush size	: 64
cache_alignment	: 64
address sizes	: 39 bits physical, 48 bits virtual
power management:

processor	: 2
vendor_id	: GenuineIntel
cpu family	: 6
model		: 78
model name	: Intel(R) Core(TM) i5-6200U CPU @ 2.30GHz
stepping	: 3
microcode	: 0x33
cpu MHz		: 2301.468
cache size	: 3072 KB
physical id	: 0
siblings	: 4
core id		: 0
cpu cores	: 2
apicid		: 1
initial apicid	: 1
fpu		: yes
fpu_exception	: yes
cpuid level	: 22
wp		: yes
flags		: fpu vme de pse tsc msr pae mce cx8 apic sep mtrr pge mca cmov pat pse36 clflush dts acpi mmx fxsr sse sse2 ss ht tm pbe syscall nx pdpe1gb rdtscp lm constant_tsc art arch_perfmon pebs bts rep_good nopl xtopology nonstop_tsc aperfmperf eagerfpu pni pclmulqdq dtes64 monitor ds_cpl vmx est tm2 ssse3 sdbg fma cx16 xtpr pdcm pcid sse4_1 sse4_2 x2apic movbe popcnt tsc_deadline_timer aes xsave avx f16c rdrand lahf_lm abm 3dnowprefetch epb intel_pt tpr_shadow vnmi flexpriority ept vpid fsgsbase tsc_adjust bmi1 avx2 smep bmi2 erms invpcid mpx rdseed adx smap clflushopt xsaveopt xsavec xgetbv1 dtherm ida arat pln pts hwp hwp_notify hwp_act_window hwp_epp
bugs		:
bogomips	: 4799.88
clflush size	: 64
cache_alignment	: 64
address sizes	: 39 bits physical, 48 bits virtual
power management:

processor	: 3
vendor_id	: GenuineIntel
cpu family	: 6
model		: 78
model name	: Intel(R) Core(TM) i5-6200U CPU @ 2.30GHz
stepping	: 3
microcode	: 0x33
cpu MHz		: 2289.375
cache size	: 3072 KB
physical id	: 0
siblings	: 4
core id		: 1
cpu cores	: 2
apicid		: 3
initial apicid	: 3
fpu		: yes
fpu_exception	: yes
cpuid level	: 22
wp		: yes
flags		: fpu vme de pse tsc msr pae mce cx8 apic sep mtrr pge mca cmov pat pse36 clflush dts acpi mmx fxsr sse sse2 ss ht tm pbe syscall nx pdpe1gb rdtscp lm constant_tsc art arch_perfmon pebs bts rep_good nopl xtopology nonstop_tsc aperfmperf eagerfpu pni pclmulqdq dtes64 monitor ds_cpl vmx est tm2 ssse3 sdbg fma cx16 xtpr pdcm pcid sse4_1 sse4_2 x2apic movbe popcnt tsc_deadline_timer aes xsave avx f16c rdrand lahf_lm abm 3dnowprefetch epb intel_pt tpr_shadow vnmi flexpriority ept vpid fsgsbase tsc_adjust bmi1 avx2 smep bmi2 erms invpcid mpx rdseed adx smap clflushopt xsaveopt xsavec xgetbv1 dtherm ida arat pln pts hwp hwp_notify hwp_act_window hwp_epp
bugs		:
bogomips	: 4799.88
clflush size	: 64
cache_alignment	: 64
address sizes	: 39 bits physical, 48 bits virtual
power management:



Memory: 4k page, physical 8072668k(141304k free), swap 8285180k(4888804k free)

vm_info: Java HotSpot(TM) 64-Bit Server VM (25.101-b13) for linux-amd64 JRE (1.8.0_101-b13), built on Jun 22 2016 02:59:44 by "java_re" with gcc 4.3.0 20080428 (Red Hat 4.3.0-8)

time: Wed Oct 19 03:40:59 2016
elapsed time: 72 seconds (0d 0h 1m 12s)

